[2024-03-01 10:43:13,615] {taskinstance.py:1159} INFO - Dependencies all met for <TaskInstance: meu_primeiro_dag.cria_pasta scheduled__2024-02-29T00:00:00+00:00 [queued]>
[2024-03-01 10:43:13,622] {taskinstance.py:1159} INFO - Dependencies all met for <TaskInstance: meu_primeiro_dag.cria_pasta scheduled__2024-02-29T00:00:00+00:00 [queued]>
[2024-03-01 10:43:13,622] {taskinstance.py:1356} INFO - 
--------------------------------------------------------------------------------
[2024-03-01 10:43:13,622] {taskinstance.py:1357} INFO - Starting attempt 1 of 1
[2024-03-01 10:43:13,622] {taskinstance.py:1358} INFO - 
--------------------------------------------------------------------------------
[2024-03-01 10:43:13,638] {taskinstance.py:1377} INFO - Executing <Task(BashOperator): cria_pasta> on 2024-02-29 00:00:00+00:00
[2024-03-01 10:43:13,639] {standard_task_runner.py:52} INFO - Started process 8257 to run task
[2024-03-01 10:43:13,641] {standard_task_runner.py:79} INFO - Running: ['airflow', 'tasks', 'run', 'meu_primeiro_dag', 'cria_pasta', 'scheduled__2024-02-29T00:00:00+00:00', '--job-id', '5', '--raw', '--subdir', 'DAGS_FOLDER/meu_primeiro_dag.py', '--cfg-path', '/tmp/tmp1ubh8fds', '--error-file', '/tmp/tmpi6gxdn62']
[2024-03-01 10:43:13,642] {standard_task_runner.py:80} INFO - Job 5: Subtask cria_pasta
[2024-03-01 10:43:13,679] {task_command.py:370} INFO - Running <TaskInstance: meu_primeiro_dag.cria_pasta scheduled__2024-02-29T00:00:00+00:00 [running]> on host BITL0401.
[2024-03-01 10:43:13,729] {taskinstance.py:1569} INFO - Exporting the following env vars:
AIRFLOW_CTX_DAG_OWNER=airflow
AIRFLOW_CTX_DAG_ID=meu_primeiro_dag
AIRFLOW_CTX_TASK_ID=cria_pasta
AIRFLOW_CTX_EXECUTION_DATE=2024-02-29T00:00:00+00:00
AIRFLOW_CTX_TRY_NUMBER=1
AIRFLOW_CTX_DAG_RUN_ID=scheduled__2024-02-29T00:00:00+00:00
[2024-03-01 10:43:13,730] {subprocess.py:62} INFO - Tmp dir root location: 
 /tmp
[2024-03-01 10:43:13,730] {subprocess.py:74} INFO - Running command: ['bash', '-c', 'mkdir -p "/home/luan/Documents/airflowalura/pasta"']
[2024-03-01 10:43:13,737] {subprocess.py:85} INFO - Output:
[2024-03-01 10:43:13,739] {subprocess.py:96} INFO - Command exited with return code 0
[2024-03-01 10:43:13,759] {taskinstance.py:1395} INFO - Marking task as SUCCESS. dag_id=meu_primeiro_dag, task_id=cria_pasta, execution_date=20240229T000000, start_date=20240301T134313, end_date=20240301T134313
[2024-03-01 10:43:13,775] {local_task_job.py:156} INFO - Task exited with return code 0
[2024-03-01 10:43:13,789] {local_task_job.py:273} INFO - 0 downstream tasks scheduled from follow-on schedule check
[2024-03-01 10:52:47,210] {taskinstance.py:1159} INFO - Dependencies all met for <TaskInstance: meu_primeiro_dag.cria_pasta scheduled__2024-02-29T00:00:00+00:00 [queued]>
[2024-03-01 10:52:47,216] {taskinstance.py:1159} INFO - Dependencies all met for <TaskInstance: meu_primeiro_dag.cria_pasta scheduled__2024-02-29T00:00:00+00:00 [queued]>
[2024-03-01 10:52:47,216] {taskinstance.py:1356} INFO - 
--------------------------------------------------------------------------------
[2024-03-01 10:52:47,216] {taskinstance.py:1357} INFO - Starting attempt 1 of 1
[2024-03-01 10:52:47,216] {taskinstance.py:1358} INFO - 
--------------------------------------------------------------------------------
[2024-03-01 10:52:47,231] {taskinstance.py:1377} INFO - Executing <Task(BashOperator): cria_pasta> on 2024-02-29 00:00:00+00:00
[2024-03-01 10:52:47,232] {standard_task_runner.py:52} INFO - Started process 10327 to run task
[2024-03-01 10:52:47,235] {standard_task_runner.py:79} INFO - Running: ['airflow', 'tasks', 'run', 'meu_primeiro_dag', 'cria_pasta', 'scheduled__2024-02-29T00:00:00+00:00', '--job-id', '9', '--raw', '--subdir', 'DAGS_FOLDER/meu_primeiro_dag.py', '--cfg-path', '/tmp/tmpaa55d_5n', '--error-file', '/tmp/tmph49m8_zr']
[2024-03-01 10:52:47,235] {standard_task_runner.py:80} INFO - Job 9: Subtask cria_pasta
[2024-03-01 10:52:47,267] {task_command.py:370} INFO - Running <TaskInstance: meu_primeiro_dag.cria_pasta scheduled__2024-02-29T00:00:00+00:00 [running]> on host BITL0401.
[2024-03-01 10:52:47,317] {taskinstance.py:1569} INFO - Exporting the following env vars:
AIRFLOW_CTX_DAG_OWNER=airflow
AIRFLOW_CTX_DAG_ID=meu_primeiro_dag
AIRFLOW_CTX_TASK_ID=cria_pasta
AIRFLOW_CTX_EXECUTION_DATE=2024-02-29T00:00:00+00:00
AIRFLOW_CTX_TRY_NUMBER=1
AIRFLOW_CTX_DAG_RUN_ID=scheduled__2024-02-29T00:00:00+00:00
[2024-03-01 10:52:47,318] {subprocess.py:62} INFO - Tmp dir root location: 
 /tmp
[2024-03-01 10:52:47,318] {subprocess.py:74} INFO - Running command: ['bash', '-c', 'mkdir -p "/home/luan/Documents/airflowalura/pasta=2024-03-01T00:00:00+00:00"']
[2024-03-01 10:52:47,323] {subprocess.py:85} INFO - Output:
[2024-03-01 10:52:47,324] {subprocess.py:96} INFO - Command exited with return code 0
[2024-03-01 10:52:47,342] {taskinstance.py:1395} INFO - Marking task as SUCCESS. dag_id=meu_primeiro_dag, task_id=cria_pasta, execution_date=20240229T000000, start_date=20240301T135247, end_date=20240301T135247
[2024-03-01 10:52:47,367] {local_task_job.py:156} INFO - Task exited with return code 0
[2024-03-01 10:52:47,381] {local_task_job.py:273} INFO - 0 downstream tasks scheduled from follow-on schedule check
