[2024-03-01 11:21:39,076] {taskinstance.py:1159} INFO - Dependencies all met for <TaskInstance: dados_climaticos.cria_pasta scheduled__2023-11-06T00:00:00+00:00 [queued]>
[2024-03-01 11:21:39,083] {taskinstance.py:1159} INFO - Dependencies all met for <TaskInstance: dados_climaticos.cria_pasta scheduled__2023-11-06T00:00:00+00:00 [queued]>
[2024-03-01 11:21:39,083] {taskinstance.py:1356} INFO - 
--------------------------------------------------------------------------------
[2024-03-01 11:21:39,083] {taskinstance.py:1357} INFO - Starting attempt 1 of 1
[2024-03-01 11:21:39,083] {taskinstance.py:1358} INFO - 
--------------------------------------------------------------------------------
[2024-03-01 11:21:39,106] {taskinstance.py:1377} INFO - Executing <Task(BashOperator): cria_pasta> on 2023-11-06 00:00:00+00:00
[2024-03-01 11:21:39,110] {standard_task_runner.py:52} INFO - Started process 21259 to run task
[2024-03-01 11:21:39,113] {standard_task_runner.py:79} INFO - Running: ['airflow', 'tasks', 'run', 'dados_climaticos', 'cria_pasta', 'scheduled__2023-11-06T00:00:00+00:00', '--job-id', '77', '--raw', '--subdir', 'DAGS_FOLDER/dados_climaticos.py', '--cfg-path', '/tmp/tmpq8wdcein', '--error-file', '/tmp/tmpumntlhbh']
[2024-03-01 11:21:39,113] {standard_task_runner.py:80} INFO - Job 77: Subtask cria_pasta
[2024-03-01 11:21:39,169] {task_command.py:370} INFO - Running <TaskInstance: dados_climaticos.cria_pasta scheduled__2023-11-06T00:00:00+00:00 [running]> on host BITL0401.
[2024-03-01 11:21:39,214] {taskinstance.py:1569} INFO - Exporting the following env vars:
AIRFLOW_CTX_DAG_OWNER=airflow
AIRFLOW_CTX_DAG_ID=dados_climaticos
AIRFLOW_CTX_TASK_ID=cria_pasta
AIRFLOW_CTX_EXECUTION_DATE=2023-11-06T00:00:00+00:00
AIRFLOW_CTX_TRY_NUMBER=1
AIRFLOW_CTX_DAG_RUN_ID=scheduled__2023-11-06T00:00:00+00:00
[2024-03-01 11:21:39,215] {subprocess.py:62} INFO - Tmp dir root location: 
 /tmp
[2024-03-01 11:21:39,216] {subprocess.py:74} INFO - Running command: ['bash', '-c', 'mkdir -p "/home/luan/Documents/airflowalura/semana=2023-11-13"']
[2024-03-01 11:21:39,221] {subprocess.py:85} INFO - Output:
[2024-03-01 11:21:39,223] {subprocess.py:96} INFO - Command exited with return code 0
[2024-03-01 11:21:39,245] {taskinstance.py:1395} INFO - Marking task as SUCCESS. dag_id=dados_climaticos, task_id=cria_pasta, execution_date=20231106T000000, start_date=20240301T142139, end_date=20240301T142139
[2024-03-01 11:21:39,287] {local_task_job.py:156} INFO - Task exited with return code 0
[2024-03-01 11:21:39,312] {local_task_job.py:273} INFO - 1 downstream tasks scheduled from follow-on schedule check
