[2024-03-01 11:21:33,617] {taskinstance.py:1159} INFO - Dependencies all met for <TaskInstance: dados_climaticos.cria_pasta scheduled__2023-10-30T00:00:00+00:00 [queued]>
[2024-03-01 11:21:33,622] {taskinstance.py:1159} INFO - Dependencies all met for <TaskInstance: dados_climaticos.cria_pasta scheduled__2023-10-30T00:00:00+00:00 [queued]>
[2024-03-01 11:21:33,622] {taskinstance.py:1356} INFO - 
--------------------------------------------------------------------------------
[2024-03-01 11:21:33,622] {taskinstance.py:1357} INFO - Starting attempt 1 of 1
[2024-03-01 11:21:33,622] {taskinstance.py:1358} INFO - 
--------------------------------------------------------------------------------
[2024-03-01 11:21:33,640] {taskinstance.py:1377} INFO - Executing <Task(BashOperator): cria_pasta> on 2023-10-30 00:00:00+00:00
[2024-03-01 11:21:33,643] {standard_task_runner.py:52} INFO - Started process 21211 to run task
[2024-03-01 11:21:33,645] {standard_task_runner.py:79} INFO - Running: ['airflow', 'tasks', 'run', 'dados_climaticos', 'cria_pasta', 'scheduled__2023-10-30T00:00:00+00:00', '--job-id', '75', '--raw', '--subdir', 'DAGS_FOLDER/dados_climaticos.py', '--cfg-path', '/tmp/tmpg0cymlfu', '--error-file', '/tmp/tmp9lt3a960']
[2024-03-01 11:21:33,646] {standard_task_runner.py:80} INFO - Job 75: Subtask cria_pasta
[2024-03-01 11:21:33,677] {task_command.py:370} INFO - Running <TaskInstance: dados_climaticos.cria_pasta scheduled__2023-10-30T00:00:00+00:00 [running]> on host BITL0401.
[2024-03-01 11:21:33,719] {taskinstance.py:1569} INFO - Exporting the following env vars:
AIRFLOW_CTX_DAG_OWNER=airflow
AIRFLOW_CTX_DAG_ID=dados_climaticos
AIRFLOW_CTX_TASK_ID=cria_pasta
AIRFLOW_CTX_EXECUTION_DATE=2023-10-30T00:00:00+00:00
AIRFLOW_CTX_TRY_NUMBER=1
AIRFLOW_CTX_DAG_RUN_ID=scheduled__2023-10-30T00:00:00+00:00
[2024-03-01 11:21:33,720] {subprocess.py:62} INFO - Tmp dir root location: 
 /tmp
[2024-03-01 11:21:33,720] {subprocess.py:74} INFO - Running command: ['bash', '-c', 'mkdir -p "/home/luan/Documents/airflowalura/semana=2023-11-06"']
[2024-03-01 11:21:33,726] {subprocess.py:85} INFO - Output:
[2024-03-01 11:21:33,728] {subprocess.py:96} INFO - Command exited with return code 0
[2024-03-01 11:21:33,747] {taskinstance.py:1395} INFO - Marking task as SUCCESS. dag_id=dados_climaticos, task_id=cria_pasta, execution_date=20231030T000000, start_date=20240301T142133, end_date=20240301T142133
[2024-03-01 11:21:33,779] {local_task_job.py:156} INFO - Task exited with return code 0
[2024-03-01 11:21:33,800] {local_task_job.py:273} INFO - 1 downstream tasks scheduled from follow-on schedule check
