[2024-03-01 11:21:27,358] {taskinstance.py:1159} INFO - Dependencies all met for <TaskInstance: dados_climaticos.cria_pasta scheduled__2023-10-16T00:00:00+00:00 [queued]>
[2024-03-01 11:21:27,362] {taskinstance.py:1159} INFO - Dependencies all met for <TaskInstance: dados_climaticos.cria_pasta scheduled__2023-10-16T00:00:00+00:00 [queued]>
[2024-03-01 11:21:27,363] {taskinstance.py:1356} INFO - 
--------------------------------------------------------------------------------
[2024-03-01 11:21:27,363] {taskinstance.py:1357} INFO - Starting attempt 1 of 1
[2024-03-01 11:21:27,363] {taskinstance.py:1358} INFO - 
--------------------------------------------------------------------------------
[2024-03-01 11:21:27,377] {taskinstance.py:1377} INFO - Executing <Task(BashOperator): cria_pasta> on 2023-10-16 00:00:00+00:00
[2024-03-01 11:21:27,380] {standard_task_runner.py:52} INFO - Started process 21135 to run task
[2024-03-01 11:21:27,383] {standard_task_runner.py:79} INFO - Running: ['airflow', 'tasks', 'run', 'dados_climaticos', 'cria_pasta', 'scheduled__2023-10-16T00:00:00+00:00', '--job-id', '72', '--raw', '--subdir', 'DAGS_FOLDER/dados_climaticos.py', '--cfg-path', '/tmp/tmphgdy68il', '--error-file', '/tmp/tmpg4jzo17a']
[2024-03-01 11:21:27,384] {standard_task_runner.py:80} INFO - Job 72: Subtask cria_pasta
[2024-03-01 11:21:27,414] {task_command.py:370} INFO - Running <TaskInstance: dados_climaticos.cria_pasta scheduled__2023-10-16T00:00:00+00:00 [running]> on host BITL0401.
[2024-03-01 11:21:27,455] {taskinstance.py:1569} INFO - Exporting the following env vars:
AIRFLOW_CTX_DAG_OWNER=airflow
AIRFLOW_CTX_DAG_ID=dados_climaticos
AIRFLOW_CTX_TASK_ID=cria_pasta
AIRFLOW_CTX_EXECUTION_DATE=2023-10-16T00:00:00+00:00
AIRFLOW_CTX_TRY_NUMBER=1
AIRFLOW_CTX_DAG_RUN_ID=scheduled__2023-10-16T00:00:00+00:00
[2024-03-01 11:21:27,455] {subprocess.py:62} INFO - Tmp dir root location: 
 /tmp
[2024-03-01 11:21:27,456] {subprocess.py:74} INFO - Running command: ['bash', '-c', 'mkdir -p "/home/luan/Documents/airflowalura/semana=2023-10-23"']
[2024-03-01 11:21:27,461] {subprocess.py:85} INFO - Output:
[2024-03-01 11:21:27,464] {subprocess.py:96} INFO - Command exited with return code 0
[2024-03-01 11:21:27,481] {taskinstance.py:1395} INFO - Marking task as SUCCESS. dag_id=dados_climaticos, task_id=cria_pasta, execution_date=20231016T000000, start_date=20240301T142127, end_date=20240301T142127
[2024-03-01 11:21:27,516] {local_task_job.py:156} INFO - Task exited with return code 0
[2024-03-01 11:21:27,541] {local_task_job.py:273} INFO - 1 downstream tasks scheduled from follow-on schedule check
