[2024-03-01 10:52:45,741] {taskinstance.py:1159} INFO - Dependencies all met for <TaskInstance: meu_primeiro_dag.cria_pasta scheduled__2024-02-28T00:00:00+00:00 [queued]>
[2024-03-01 10:52:45,746] {taskinstance.py:1159} INFO - Dependencies all met for <TaskInstance: meu_primeiro_dag.cria_pasta scheduled__2024-02-28T00:00:00+00:00 [queued]>
[2024-03-01 10:52:45,747] {taskinstance.py:1356} INFO - 
--------------------------------------------------------------------------------
[2024-03-01 10:52:45,747] {taskinstance.py:1357} INFO - Starting attempt 1 of 1
[2024-03-01 10:52:45,747] {taskinstance.py:1358} INFO - 
--------------------------------------------------------------------------------
[2024-03-01 10:52:45,760] {taskinstance.py:1377} INFO - Executing <Task(BashOperator): cria_pasta> on 2024-02-28 00:00:00+00:00
[2024-03-01 10:52:45,762] {standard_task_runner.py:52} INFO - Started process 10323 to run task
[2024-03-01 10:52:45,765] {standard_task_runner.py:79} INFO - Running: ['airflow', 'tasks', 'run', 'meu_primeiro_dag', 'cria_pasta', 'scheduled__2024-02-28T00:00:00+00:00', '--job-id', '8', '--raw', '--subdir', 'DAGS_FOLDER/meu_primeiro_dag.py', '--cfg-path', '/tmp/tmpw141efps', '--error-file', '/tmp/tmp7jebe8md']
[2024-03-01 10:52:45,766] {standard_task_runner.py:80} INFO - Job 8: Subtask cria_pasta
[2024-03-01 10:52:45,800] {task_command.py:370} INFO - Running <TaskInstance: meu_primeiro_dag.cria_pasta scheduled__2024-02-28T00:00:00+00:00 [running]> on host BITL0401.
[2024-03-01 10:52:45,842] {taskinstance.py:1569} INFO - Exporting the following env vars:
AIRFLOW_CTX_DAG_OWNER=airflow
AIRFLOW_CTX_DAG_ID=meu_primeiro_dag
AIRFLOW_CTX_TASK_ID=cria_pasta
AIRFLOW_CTX_EXECUTION_DATE=2024-02-28T00:00:00+00:00
AIRFLOW_CTX_TRY_NUMBER=1
AIRFLOW_CTX_DAG_RUN_ID=scheduled__2024-02-28T00:00:00+00:00
[2024-03-01 10:52:45,843] {subprocess.py:62} INFO - Tmp dir root location: 
 /tmp
[2024-03-01 10:52:45,844] {subprocess.py:74} INFO - Running command: ['bash', '-c', 'mkdir -p "/home/luan/Documents/airflowalura/pasta=2024-02-29T00:00:00+00:00"']
[2024-03-01 10:52:45,849] {subprocess.py:85} INFO - Output:
[2024-03-01 10:52:45,850] {subprocess.py:96} INFO - Command exited with return code 0
[2024-03-01 10:52:45,869] {taskinstance.py:1395} INFO - Marking task as SUCCESS. dag_id=meu_primeiro_dag, task_id=cria_pasta, execution_date=20240228T000000, start_date=20240301T135245, end_date=20240301T135245
[2024-03-01 10:52:45,898] {local_task_job.py:156} INFO - Task exited with return code 0
[2024-03-01 10:52:45,909] {local_task_job.py:273} INFO - 0 downstream tasks scheduled from follow-on schedule check
